0 0 0 1.74658e-18 0.0828235
10 0.0205283 44.7556 0.00103541 0.0918748
20 0.0541667 49.3781 -0.000714361 0.0905232
30 0.1 56.5904 -0.000873874 0.0851391
40 0.145455 64.4455 0.000133838 0.0795845
50 0.195 79.6518 1.86152e-05 0.0746632
60 0.245 80.6244 -0.000745932 0.0693978
70 0.295 78.6863 -0.000977696 0.0655038
80 0.345 77.914 0.000351969 0.0621238
90 0.395 74.9269 -0.000397754 0.059322
100 0.445 71.8041 9.25279e-05 0.0570546
110 0.495 68.8965 0.000544696 0.0549763
120 0.545 66.3238 -0.000193907 0.0531662
130 0.595 65.2181 -0.000205726 0.051717
140 0.645 64.6197 -1.38255e-05 0.0504357
150 0.695 64.0992 -6.38143e-05 0.0492914
160 0.745 63.6529 2.89924e-05 0.0482834
170 0.795 63.2626 4.31097e-05 0.0473528
180 0.845 62.9298 0.000119274 0.0465419
190 0.895 62.3621 -6.39888e-06 0.0458022
200 0.945 61.9445 -0.000221014 0.0451385
210 0.995 61.6995 -0.0002228 0.044533
220 1.045 61.5481 8.16454e-05 0.0440311
230 1.095 61.4416 -0.000172984 0.0435585
240 1.145 61.34 5.56103e-06 0.0431366
250 1.195 61.2414 -1.90277e-05 0.0427754
260 1.245 61.1419 -7.51042e-05 0.0424142
270 1.295 61.0644 -8.91334e-05 0.0420884
280 1.345 60.9753 -0.00011202 0.0418445
290 1.395 60.9094 -0.000171116 0.0415898
300 1.445 60.846 -0.000395045 0.0415261
310 1.495 60.7783 -0.000103894 0.0411722
320 1.545 60.7237 9.02948e-05 0.0409603
330 1.595 60.6623 0.000146917 0.0408173
340 1.645 60.6128 0.000174026 0.0406518
350 1.695 60.5574 0.000231516 0.0405513
360 1.745 60.51 0.000105708 0.0404029
370 1.795 60.467 6.65839e-05 0.0403208
380 1.845 60.428 0.000223109 0.0401973
390 1.895 60.3945 3.82549e-05 0.0401381
400 1.945 60.3529 0.000124737 0.040085
410 1.995 60.3137 1.73227e-05 0.0400119
420 2.045 60.2764 0.000176067 0.0399484
430 2.095 60.2408 -0.000161917 0.0399011
440 2.145 60.2134 6.55925e-05 0.0398659
450 2.195 60.177 0.000175235 0.0398287
460 2.245 60.1521 5.05695e-05 0.0395716
470 2.295 60.1244 2.8081e-05 0.0397632
480 2.345 60.0928 9.47259e-05 0.0397319
490 2.395 60.0613 -4.38946e-05 0.0397089
500 2.445 60.0314 -3.79131e-06 0.0396852
510 2.495 60.0028 6.88511e-05 0.0396478
520 2.545 59.9749 -1.49113e-05 0.039631
530 2.595 59.9481 -2.9693e-05 0.0395983
540 2.645 59.9223 0.000167864 0.0395816
550 2.695 59.8971 9.4927e-05 0.0395646
560 2.745 59.8721 -0.00012769 0.0395106
570 2.795 59.8352 -0.000173821 0.0395435
580 2.845 59.8128 0.000106814 0.0394793
590 2.895 59.7882 -0.000143041 0.0394414
600 2.945 59.7585 0.00013377 0.0394303
610 2.995 59.7421 0.000106649 0.0393965
620 3.045 59.7309 -0.00157486 0.0391111
630 3.095 59.7173 0.000110885 0.039361
640 3.145 59.7007 5.51938e-05 0.0392777
650 3.195 59.6822 -0.0001126 0.0392994
660 3.245 59.663 -5.10756e-05 0.0392547
670 3.295 59.6436 2.16038e-05 0.0392387
680 3.345 59.6238 -0.000527566 0.0392734
690 3.395 59.6045 -0.000100086 0.0392096
700 3.445 59.5853 5.71314e-05 0.0391677
710 3.495 59.5665 -0.000106522 0.0391546
720 3.545 59.5489 -0.000181564 0.0391237
730 3.595 59.5392 0.00246854 0.03933
740 3.645 59.5122 -0.000133773 0.0390837
750 3.695 59.5029 -6.91796e-05 0.0390694
760 3.745 59.4784 4.9079e-06 0.0390531
770 3.795 59.461 -1.90011e-05 0.0390296
780 3.845 59.4397 -0.00130937 0.0387667
790 3.895 59.419 7.00432e-05 0.0389944
800 3.945 59.4034 5.247e-05 0.0389665
810 3.995 59.3878 8.76367e-05 0.0389474
820 4.045 59.3728 0.000306855 0.0389335
830 4.095 59.3553 0.000424518 0.0389288
840 4.145 59.342 0.000148263 0.0389066
850 4.195 59.3274 0.000288452 0.038914
860 4.245 59.3115 0.000266367 0.038895
870 4.295 59.2973 0.000113161 0.0388749
880 4.345 59.282 0.000147741 0.0388467
890 4.395 59.2634 -0.000156376 0.038896
900 4.445 59.2505 0.000305555 0.0388474
910 4.495 59.2353 -0.000316467 0.0388128
920 4.545 59.2183 -0.000665228 0.038802
930 4.595 59.2057 -0.000393254 0.0387766
940 4.645 59.1927 -0.000790226 0.0389584
950 4.695 59.1768 9.71277e-05 0.0387502
960 4.745 59.1715 -0.000160174 0.0387387
970 4.795 59.156 -8.96509e-05 0.038726
980 4.845 59.1469 9.24927e-05 0.0387
990 4.895 59.1364 7.17595e-05 0.038695
1000 4.945 59.1232 -0.000254605 0.0386802
1010 4.995 59.1054 -0.000270547 0.0386612
1020 5.045 59.0983 -0.00019411 0.0386702
1030 5.095 59.0834 -0.000143154 0.038665
1040 5.145 59.0742 0.000303151 0.0386143
1050 5.195 59.0643 -0.00125495 0.0383811
1060 5.245 59.0576 0.000554142 0.0386167
1070 5.295 59.0438 0.000352145 0.038636
1080 5.345 59.0346 0.000237533 0.0386014
1090 5.395 59.0228 8.01186e-05 0.0386135
1100 5.445 59.0102 5.72999e-05 0.0385727
1110 5.495 58.9981 -0.000402531 0.038649
1120 5.545 58.9871 -9.31581e-05 0.0385413
1130 5.595 58.9764 0.000205094 0.0385812
1140 5.645 58.966 0.000143476 0.0385158
1150 5.695 58.9559 0.000262916 0.0385258
1160 5.745 58.9461 0.000219167 0.0385222
1170 5.795 58.936 0.000127706 0.0385326
1180 5.845 58.9265 0.000365221 0.0384871
1190 5.895 58.9172 0.000126565 0.0385197
1200 5.945 58.9081 0.000362099 0.0384558
1210 5.995 58.8989 5.14664e-05 0.0384781
1220 6.045 58.8897 0.000137909 0.0382358
1230 6.095 58.8805 9.43547e-05 0.0384983
1240 6.145 58.8716 -1.70262e-05 0.0384209
1250 6.195 58.8627 -0.000123206 0.0384401
1260 6.245 58.854 8.28521e-05 0.0384233
1270 6.295 58.8454 1.27121e-05 0.0384477
1280 6.345 58.8366 6.81237e-05 0.0383894
1290 6.395 58.8281 6.00649e-05 0.0384398
1300 6.445 58.82 0.000463752 0.0383998
1310 6.495 58.8119 0.000148402 0.0384082
1320 6.545 58.8042 0.000348768 0.0383985
1330 6.595 58.7965 7.11754e-05 0.0383948
1340 6.645 58.7888 -2.90933e-05 0.0383766
1350 6.695 58.7812 -0.000257604 0.0384015
1360 6.745 58.7738 0.000311748 0.0383796
1370 6.795 58.7662 -2.717e-05 0.0383825
1380 6.845 58.7585 0.000464349 0.0383767
1390 6.895 58.7456 0.000201931 0.0383456
1400 6.945 58.7405 0.000758558 0.0383516
1410 6.995 58.7322 0.000262198 0.0383765
1420 7.045 58.7251 0.000201328 0.0383256
1430 7.095 58.7229 7.09763e-05 0.0383639
1440 7.145 58.7203 9.30693e-06 0.0383568
1450 7.195 58.7162 -9.98166e-05 0.0383319
1460 7.245 58.7109 -0.000379395 0.0383243
1470 7.295 58.7054 -3.01694e-05 0.0383251
1480 7.345 58.6997 0.000385944 0.0383231
1490 7.395 58.694 0.000697246 0.0382845
1500 7.445 58.6882 0.000839969 0.0383047
1510 7.495 58.6826 0.000882459 0.0384281
1520 7.545 58.6767 0.000846716 0.0382817
1530 7.595 58.6712 -0.000454334 0.0382635
1540 7.645 58.6658 -0.00103944 0.038182
1550 7.695 58.6603 -0.000610603 0.0382922
1560 7.745 58.6549 0.000125061 0.0382754
1570 7.795 58.6495 0.000257212 0.0383021
1580 7.845 58.6441 0.000522896 0.0383891
1590 7.895 58.6393 4.20897e-05 0.0383588
1600 7.945 58.6346 0.000739966 0.0383209
1610 7.995 58.6302 0.000766595 0.0383483
1620 8.045 58.6258 0.000512594 0.0383273
1630 8.095 58.6215 -0.000100239 0.0382824
1640 8.145 58.6167 -0.000636921 0.0385307
1650 8.195 58.6127 0.00076601 0.0383464
1660 8.245 58.6085 0.00134146 0.0384251
1670 8.295 58.6049 0.000542075 0.0383489
1680 8.345 58.6015 0.00182403 0.0384382
1690 8.395 58.5984 0.000786494 0.0383879
1700 8.445 58.5965 -0.00192761 0.0383403
1710 8.495 58.5909 -0.00129155 0.038331
1720 8.545 58.5905 0.00107814 0.0384464
1730 8.595 58.5837 -0.00214949 0.0384042
1740 8.645 58.5832 -0.00033108 0.0383938
1750 8.695 58.5781 0.000310574 0.0383062
1760 8.745 58.5763 0.000199403 0.038518
1770 8.795 58.5742 0.000795323 0.0381736
1780 8.845 58.5712 0.00214875 0.0384845
1790 8.895 58.5722 0.000110712 0.0384759
1800 8.945 58.5689 0.000327784 0.0383988
1810 8.995 58.5697 0.000628515 0.0384138
1820 9.045 58.5685 -0.000349462 0.0385248
1830 9.095 58.5667 -0.000144074 0.0386094
1840 9.145 58.5645 0.00115533 0.0385232
1850 9.195 58.5641 0.00096806 0.0385878
1860 9.245 58.5644 0.000622741 0.0386335
1870 9.295 58.5632 0.00178603 0.0386686
1880 9.345 58.5647 -0.00177929 0.0384703
1890 9.395 58.5665 0.000553595 0.0387966
1900 9.445 58.5663 -0.00275639 0.0385129
1910 9.495 58.5656 -0.00137906 0.0386402
1920 9.545 58.5661 0.00211243 0.038702
1930 9.595 58.5674 -0.00102993 0.0387518
1940 9.645 58.5671 0.00075944 0.038826
1950 9.695 58.5681 0.0020558 0.038774
1960 9.745 58.5713 0.00279624 0.0386531
1970 9.795 58.5717 0.00321104 0.0388376
1980 9.845 58.5765 -0.000675106 0.0389116
1990 9.895 58.577 -0.000793273 0.038774
2000 9.945 58.5801 0.0025439 0.0391441
2010 9.995 58.582 -0.00129156 0.0389629
2020 10.045 58.5823 -0.00027688 0.0387061
2030 10.095 58.5852 0.000497857 0.0390484
2040 10.145 58.5876 0.00377762 0.038998
2050 10.195 58.5912 0.00102442 0.0389554
2060 10.245 58.5962 -0.00115909 0.0390224
2070 10.295 58.6006 0.000915822 0.0389574
2080 10.345 58.6045 0.000476296 0.0391878
2090 10.395 58.6078 -0.00187765 0.0386942
2100 10.445 58.6102 -9.50236e-05 0.0391972
2110 10.495 58.6126 -0.0011335 0.0390342
2120 10.545 58.6153 0.000485975 0.0390569
2130 10.595 58.6187 -0.00162412 0.0390535
2140 10.645 58.6231 0.00205379 0.0391754
2150 10.695 58.6279 -0.00177897 0.0394016
2160 10.745 58.6335 0.00306928 0.0392604
2170 10.795 58.6388 0.00387631 0.039404
2180 10.845 58.6431 0.00218891 0.0394488
2190 10.895 58.6466 0.00337397 0.0392528
2200 10.945 58.6495 -0.00168323 0.0392779
2210 10.995 58.6527 0.00453105 0.0392501
2220 11.045 58.6562 0.00712144 0.039479
2230 11.095 58.6613 0.00234657 0.0392811
2240 11.145 58.6671 0.00164784 0.0395803
2250 11.195 58.6731 0.00043533 0.0392092
2260 11.245 58.6786 -0.00338755 0.0392919
2270 11.295 58.683 0.000679449 0.0394507
2280 11.345 58.6861 -0.00561358 0.0390669
2290 11.395 58.6887 0.000345386 0.0395038
2300 11.445 58.6919 -0.000394456 0.039301
2310 11.495 58.6959 0.00372283 0.0394396
2320 11.545 58.7012 7.65271e-05 0.039422
2330 11.595 58.7072 0.00189326 0.0394922
2340 11.645 58.713 -0.00166966 0.0394708
2350 11.695 58.7182 -0.00149497 0.0394663
2360 11.745 58.7222 -0.00263541 0.0392846
2370 11.795 58.7251 -0.000990675 0.0393989
2380 11.845 58.7274 0.00154521 0.0393095
2390 11.895 58.7303 0.00208371 0.0394046
2400 11.945 58.7339 0.00260733 0.0394772
2410 11.995 58.739 0.00471585 0.0393132
2420 12.045 58.7447 0.00303904 0.0393814
2430 12.095 58.7503 -0.000335821 0.0392957
2440 12.145 58.755 -0.00203442 0.0394609
2450 12.195 58.7583 -0.00405068 0.0392615
2460 12.245 58.7601 -0.00327035 0.0395008
2470 12.295 58.7621 -0.000538402 0.0395334
2480 12.345 58.7648 0.00102646 0.0394823
2490 12.395 58.7687 -0.000500069 0.0393951
2500 12.445 58.7738 -0.000248524 0.039359
2510 12.495 58.7792 -7.46947e-05 0.0394279
2520 12.545 58.7837 -0.0024339 0.039554
2530 12.595 58.7873 -0.00382025 0.0393089
2540 12.645 58.7896 -0.000500811 0.0395455
2550 12.695 58.791 -0.00183875 0.0393986
2560 12.745 58.7925 0.00235979 0.0394374
2570 12.795 58.795 0.00462371 0.0396084
2580 12.845 58.7985 0.00382892 0.0393188
2590 12.895 58.8031 0.000773899 0.0393074
2600 12.945 58.8079 -0.00131351 0.0394114
2610 12.995 58.8118 -0.00389245 0.0394825
2620 13.045 58.8145 -0.00184577 0.0395448
2630 13.095 58.8158 -0.00243462 0.039536
2640 13.145 58.8163 -0.00125088 0.0394248
2650 13.195 58.8176 0.0030464 0.0394864
2660 13.245 58.82 0.00276385 0.0396062
2670 13.295 58.8237 0.00481385 0.0393469
2680 13.345 58.8281 -0.000660412 0.039254
2690 13.395 58.8321 -0.00192511 0.0395069
2700 13.445 58.8349 -0.00197839 0.0394314
2710 13.495 58.8363 -0.00132788 0.0396251
2720 13.545 58.8369 -0.00326444 0.0394134
2730 13.595 58.8371 0.00150047 0.0394016
2740 13.645 58.8382 0.00393343 0.0394977
2750 13.695 58.8405 0.00459657 0.0395767
2760 13.745 58.8438 0.00241806 0.0393547
2770 13.795 58.8477 0.000560647 0.0395536
2780 13.845 58.851 -0.00277158 0.0395087
2790 13.895 58.8531 -0.0061527 0.0394069
2800 13.945 58.8538 -0.00263329 0.039445
2810 13.995 58.8536 -0.000597218 0.0394794
2820 14.045 58.8536 0.00228034 0.0394123
2830 14.095 58.8548 0.00192824 0.0395333
2840 14.145 58.8574 0.00228313 0.039401
2850 14.195 58.8608 0.00125711 0.0392678
2860 14.245 58.8641 -0.000524739 0.0394082
2870 14.295 58.8664 -0.00427636 0.0392546
2880 14.345 58.8672 -0.00263101 0.0393502
2890 14.395 58.867 0.000391872 0.0393383
2900 14.445 58.8665 -0.000844681 0.0393061
2910 14.495 58.8668 0.00167794 0.0395348
2920 14.545 58.8681 0.00459347 0.0394796
2930 14.595 58.8708 0.00724449 0.0393826
2940 14.645 58.8738 0.00010681 0.0393626
2950 14.695 58.8765 0.00058529 0.0394548
2960 14.745 58.8779 -0.00213241 0.0394572
2970 14.795 58.8781 -0.00132222 0.0395022
2980 14.845 58.8773 -0.00187236 0.0393763
2990 14.895 58.8766 0.000457212 0.039343
3000 14.945 58.877 0.00115878 0.0392498
3010 14.995 58.8788 0.0037305 0.0393419
3020 15.045 58.8815 0.00234329 0.0394131
3030 15.095 58.8844 -0.00130442 0.039299
3040 15.145 58.8863 -0.00160465 0.0393511
3050 15.195 58.8866 -0.00555722 0.0394469
3060 15.245 58.886 -0.00187558 0.039513
3070 15.295 58.885 0.000383096 0.0394784
3080 15.345 58.8848 0.00422024 0.0396214
3090 15.395 58.8856 0.00351364 0.0395025
3100 15.445 58.8877 0.00135005 0.0394099
3110 15.495 58.8901 0.000385153 0.0394491
3120 15.545 58.8924 -0.00102987 0.0394004
3130 15.595 58.8935 -0.00314083 0.0394075
3140 15.645 58.8933 -0.000769359 0.0394722
3150 15.695 58.8922 0.00138316 0.0395555
3160 15.745 58.8912 0.00288211 0.0395066
3170 15.795 58.8908 0.00457838 0.0395277
3180 15.845 58.8921 0.00212846 0.0393949
3190 15.895 58.8945 0.00248134 0.0393873
3200 15.945 58.8969 0.000633443 0.0395373
3210 15.995 58.8986 0.000360324 0.0394572
3220 16.045 58.899 -0.00592127 0.039285
3230 16.095 58.8979 0.000109012 0.039499
3240 16.145 58.8965 0.000162878 0.03947
3250 16.195 58.8958 0.00185276 0.0394147
3260 16.245 58.8963 0.00243007 0.0396155
3270 16.295 58.898 0.00305432 0.0394235
3280 16.345 58.9 -0.00131182 0.0396611
3290 16.395 58.9022 -0.00128093 0.0396711
3300 16.445 58.9032 -0.000281728 0.0394942
3310 16.495 58.9028 -0.00294045 0.0393579
3320 16.545 58.9015 -0.000496637 0.0395707
3330 16.595 58.9002 -0.0003544 0.0393683
3340 16.645 58.8998 0.00372327 0.0392045
3350 16.695 58.9005 0.00412528 0.0394924
3360 16.745 58.9026 0.00206338 0.0394215
3370 16.795 58.905 -0.000295336 0.0393122
3380 16.845 58.9066 -0.00325636 0.0393459
3390 16.895 58.9068 -0.00236079 0.0394969
3400 16.945 58.9057 -0.000659506 0.0394908
3410 16.995 58.9041 0.00257172 0.0395169
3420 17.045 58.9032 0.00228865 0.0393542
3430 17.095 58.9033 0.00226464 0.0392899
3440 17.145 58.9048 -0.000681214 0.0394017
3450 17.195 58.907 0.00165692 0.039439
3460 17.245 58.9085 0.000267686 0.0393893
3470 17.295 58.9093 -0.00532779 0.0394528
3480 17.345 58.9087 -0.00184998 0.0394039
3490 17.395 58.9073 -0.00326283 0.0394237
3500 17.445 58.9059 0.00311199 0.039455
3510 17.495 58.9055 0.00146993 0.0392634
3520 17.545 58.906 0.00138829 0.0393733
3530 17.595 58.9078 0.000929851 0.0394388
3540 17.645 58.91 0.000173685 0.0395015
3550 17.695 58.9113 -0.0037097 0.0395355
3560 17.745 58.9114 -0.00327787 0.0394448
3570 17.795 58.9102 8.06542e-05 0.0395533
3580 17.845 58.9083 0.000116872 0.039695
3590 17.895 58.9071 0.00091879 0.0392496
3600 17.945 58.9069 0.00794264 0.0397435
3610 17.995 58.9084 0.00466747 0.0395619
3620 18.045 58.9104 0.00373266 0.0394981
3630 18.095 58.9122 -0.000625213 0.0393234
3640 18.145 58.9126 -0.00305763 0.0395872
3650 18.195 58.912 -0.00139396 0.039496
3660 18.245 58.9105 -0.00036213 0.039383
3670 18.295 58.909 0.000825414 0.039428
3680 18.345 58.9083 0.00260212 0.0395158
3690 18.395 58.9084 0.00517427 0.0396966
3700 18.445 58.9104 0.00254301 0.0395519
3710 18.495 58.9125 -0.00153545 0.0394382
3720 18.545 58.9139 -0.00213016 0.0394347
3730 18.595 58.9139 -0.003199 0.0395201
3740 18.645 58.9128 -0.00368289 0.0393604
3750 18.695 58.9109 0.00249254 0.0396179
3760 18.745 58.9097 0.00245498 0.0394309
3770 18.795 58.9095 0.00444706 0.0395319
3780 18.845 58.9108 0.00142535 0.039522
3790 18.895 58.9127 -0.00160718 0.0394097
3800 18.945 58.9145 -0.00120254 0.0393298
3810 18.995 58.9151 -0.00277658 0.0392535
3820 19.045 58.9142 -0.00309886 0.0395669
3830 19.095 58.9126 -0.00018495 0.0394323
3840 19.145 58.911 -0.000146058 0.0394801
3850 19.195 58.9102 0.00162465 0.0393845
3860 19.245 58.9106 0.00662031 0.039575
3870 19.295 58.9121 0.00196783 0.0394631
3880 19.345 58.9139 0.00156607 0.0394763
3890 19.395 58.9153 -0.000649983 0.0394279
3900 19.445 58.9154 -0.00431838 0.0394481
3910 19.495 58.9143 -0.00315356 0.0393715
3920 19.545 58.9125 0.000723414 0.0393511
3930 19.595 58.9111 0.00443379 0.0396037
3940 19.645 58.9108 0.00268759 0.0394608
3950 19.695 58.9119 0.00181955 0.0395001
3960 19.745 58.9139 0.000704112 0.0395834
3970 19.795 58.9156 0.000445664 0.0395745
3980 19.845 58.9164 -0.00102197 0.0394423
3990 19.895 58.9155 -0.00392991 0.0394115
4000 19.945 58.9138 -0.0012808 0.0393418
4010 19.995 58.9121 0.00203942 0.039643
4020 20.045 58.9113 0.00244069 0.0395079
4030 20.095 58.9116 0.00531696 0.0394765
4040 20.145 58.9132 0.00236361 0.0392846
4050 20.195 58.9148 -0.0014576 0.0394208
4060 20.245 58.9162 -0.0031829 0.0393944
4070 20.295 58.9163 -0.0016862 0.0394829
4080 20.345 58.9153 -0.00551034 0.0392239
4090 20.395 58.9135 0.00211806 0.0395304
4100 20.445 58.9122 0.00273821 0.0393384
4110 20.495 58.9117 0.00157603 0.0394038
4120 20.545 58.9127 0.00300832 0.0396997
4130 20.595 58.9145 0.00105386 0.0395093
4140 20.645 58.9162 -0.000734221 0.0396103
4150 20.695 58.9168 -0.00138694 0.0394931
4160 20.745 58.9156 -0.00440388 0.0398113
4170 20.795 58.9141 -0.00133135 0.0394654
4180 20.845 58.9123 0.0042784 0.039675
4190 20.895 58.9115 0.000983187 0.0393129
4200 20.945 58.9118 0.00383824 0.0395091
4210 20.995 58.9133 0.00358463 0.0391969
4220 21.045 58.9152 -0.000461944 0.0391003
4230 21.095 58.9163 -0.00207494 0.0393615
4240 21.145 58.9163 -1.16525e-05 0.0396123
4250 21.195 58.9153 -0.00523717 0.0391975
4260 21.245 58.9134 0.000783605 0.0395091
4270 21.295 58.9121 0.00298373 0.0395712
4280 21.345 58.9117 -0.00133165 0.0392625
4290 21.395 58.9125 0.00273629 0.0395649
4300 21.445 58.9144 0.000788823 0.0395877
4310 21.495 58.916 -0.00119063 0.0394649
4320 21.545 58.9168 -0.0023423 0.0393908
4330 21.595 58.9162 -0.00389828 0.0393005
4340 21.645 58.9143 -0.00210342 0.0395763
4350 21.695 58.9124 0.00126564 0.0395319
4360 21.745 58.9115 0.00178528 0.0393426
4370 21.795 58.9118 0.00257477 0.0393906
4380 21.845 58.9133 0.00459642 0.0393249
4390 21.895 58.9152 -0.0014844 0.0394249
4400 21.945 58.9163 -0.00161558 0.0393227
4410 21.995 58.9164 -0.00213787 0.0392737
4420 22.045 58.9153 -0.00312889 0.0393028
4430 22.095 58.9134 0.00106751 0.0394684
4440 22.145 58.9121 -0.000157169 0.0394805
4450 22.195 58.9117 0.000847193 0.0393822
4460 22.245 58.9125 0.00056492 0.039382
4470 22.295 58.9142 0.00198342 0.0394454
4480 22.345 58.9159 -0.00227164 0.0395074
4490 22.395 58.9166 -0.00406979 0.0394301
4500 22.445 58.9161 -0.00332583 0.0394325
4510 22.495 58.9145 -0.000435621 0.0395802
4520 22.545 58.9126 0.000684358 0.0394091
4530 22.595 58.9116 0.00104926 0.0394262
4540 22.645 58.9118 0.00150792 0.0395022
4550 22.695 58.9133 0.00242596 0.0394986
4560 22.745 58.9152 0.00115644 0.0395228
4570 22.795 58.916 -0.00364612 0.0395319
4580 22.845 58.9165 -0.00369348 0.0394615
4590 22.895 58.9154 -0.00376986 0.0393563
4600 22.945 58.9136 0.000538177 0.0395108
4610 22.995 58.9122 0.00180257 0.0393827
4620 23.045 58.9119 0.0026371 0.0394266
4630 23.095 58.9128 0.00413622 0.0394273
4640 23.145 58.9144 0.00181328 0.0395338
4650 23.195 58.9161 -0.00187544 0.0394903
4660 23.245 58.917 -0.00553479 0.0393705
4670 23.295 58.9164 -0.00179927 0.0393765
4680 23.345 58.9148 -1.11649e-05 0.0395598
4690 23.395 58.9129 -0.000483723 0.0390375
4700 23.445 58.9119 0.000820005 0.0394273
4710 23.495 58.9121 0.00177111 0.0394115
4720 23.545 58.9135 0.00396667 0.0395392
4730 23.595 58.9154 0.000859368 0.0395585
4740 23.645 58.9167 -0.000168613 0.0393875
4750 23.695 58.9166 -0.00335056 0.0395473
4760 23.745 58.9156 -0.00300512 0.0396163
4770 23.795 58.9138 -0.000805525 0.0394771
4780 23.845 58.9125 0.00229423 0.0393613
4790 23.895 58.9122 0.00348729 0.039597
4800 23.945 58.9132 0.00270687 0.0393123
4810 23.995 58.9147 -0.000848521 0.0394737
4820 24.045 58.9164 -0.00204076 0.0394185
4830 24.095 58.9172 -0.00428488 0.039368
4840 24.145 58.9166 0.000115455 0.0395979
4850 24.195 58.9151 4.49274e-05 0.0395477
4860 24.245 58.9133 0.000592508 0.0394107
4870 24.295 58.9121 0.00222455 0.0394016
4880 24.345 58.9122 0.00249256 0.0395957
4890 24.395 58.9137 0.00276415 0.0395437
4900 24.445 58.9156 0.000442644 0.0394554
4910 24.495 58.917 0.00234923 0.0395037
4920 24.545 58.9173 -0.00569912 0.0392356
4930 24.595 58.9159 0.000556058 0.039559
4940 24.645 58.914 0.000190081 0.0394025
4950 24.695 58.9127 0.000240825 0.0393716
4960 24.745 58.9122 0.00724356 0.0395617
4970 24.795 58.9132 0.000152756 0.0391389
4980 24.845 58.915 0.000241371 0.0391545
4990 24.895 58.9165 -0.00174737 0.0394355
5000 24.945 58.9173 -0.00162311 0.0394717
5010 24.995 58.9169 -0.00261378 0.0393187
5020 25.045 58.9155 -0.00109679 0.0393773
5030 25.095 58.9137 -0.00145751 0.0392437
5040 25.145 58.9122 0.00225985 0.0397072
5050 25.195 58.9127 0.00248003 0.0393117
5060 25.245 58.914 0.000548338 0.0395307
5070 25.295 58.9159 -6.51373e-05 0.0393408
5080 25.345 58.9172 -0.00144569 0.039386
5090 25.395 58.9174 -0.00294942 0.0394592
5100 25.445 58.9163 -0.00144649 0.0391183
5110 25.495 58.9143 -0.000449687 0.039549
5120 25.545 58.9129 0.0022388 0.0392842
5130 25.595 58.9125 0.0035237 0.0393374
5140 25.645 58.9133 0.000591658 0.0394795
5150 25.695 58.9151 0.000306561 0.0394063
5160 25.745 58.9167 -0.00325997 0.0393766
5170 25.795 58.9175 -0.00241889 0.0393781
5180 25.845 58.9169 -0.000176238 0.0395492
5190 25.895 58.9156 -0.000478636 0.0393786
5200 25.945 58.9139 -0.000316607 0.0393672
5210 25.995 58.913 0.00363358 0.0394438
5220 26.045 58.9127 0.00422735 0.0395633
5230 26.095 58.9142 0.00035444 0.0394427
5240 26.145 58.9161 0.00124966 0.0395044
5250 26.195 58.9175 -0.000626331 0.0394093
5260 26.245 58.9178 -0.00457656 0.03952
5270 26.295 58.9166 -0.00250256 0.0394781
5280 26.345 58.9146 -0.00166404 0.0394334
5290 26.395 58.9131 0.00203307 0.0393925
5300 26.445 58.9127 0.00429252 0.0395505
5310 26.495 58.9135 -9.94943e-05 0.0393975
5320 26.545 58.9152 0.000531415 0.0393177
5330 26.595 58.9169 -0.00127352 0.0393921
5340 26.645 58.9175 -0.00285405 0.0393856
5350 26.695 58.917 -0.0031182 0.0394769
5360 26.745 58.9155 -0.00183105 0.0394952
5370 26.795 58.9138 0.00125359 0.0392722
5380 26.845 58.9129 0.00168809 0.0393541
5390 26.895 58.9126 0.00421427 0.0395677
5400 26.945 58.9143 0.000420111 0.039423
5410 26.995 58.9162 -0.00063172 0.0394163
5420 27.045 58.9177 -0.00137254 0.039359
5430 27.095 58.9179 -0.00150683 0.0393619
5440 27.145 58.9169 0.000565833 0.0396001
5450 27.195 58.915 0.00126267 0.0398194
5460 27.245 58.9134 0.00155348 0.0394942
5470 27.295 58.9128 0.00377951 0.0394989
5480 27.345 58.9136 0.00427308 0.039577
5490 27.395 58.9154 0.00143404 0.0392918
5500 27.445 58.9171 -0.00106579 0.0392564
5510 27.495 58.9179 -0.00186267 0.0392219
5520 27.545 58.9173 -0.00283511 0.039534
5530 27.595 58.9158 -0.00118964 0.0394072
5540 27.645 58.914 -0.000100817 0.0393293
5550 27.695 58.913 0.00354136 0.039463
5560 27.745 58.9131 0.00545403 0.0396298
5570 27.795 58.9143 0.000101142 0.0394708
5580 27.845 58.9162 -0.000552979 0.0395036
5590 27.895 58.9177 -0.00421651 0.0394144
5600 27.945 58.9181 -0.000451539 0.0394691
5610 27.995 58.9172 -0.00175486 0.0394573
5620 28.045 58.9155 -0.000730531 0.0394357
5630 28.095 58.9137 0.00102325 0.0394045
5640 28.145 58.9132 0.00330766 0.0394398
5650 28.195 58.9139 0.00468453 0.0394899
5660 28.245 58.9155 0.00103809 0.0393275
5670 28.295 58.9171 -0.000509055 0.0394456
5680 28.345 58.9179 -0.000737811 0.0394892
5690 28.395 58.9171 -0.00367573 0.0393737
5700 28.445 58.9156 -0.00338885 0.0393256
5710 28.495 58.9137 0.00248947 0.0396113
5720 28.545 58.9127 0.00189303 0.0394488
5730 28.595 58.9129 0.0046561 0.0394689
5740 28.645 58.9143 -0.000501301 0.0392812
5750 28.695 58.9159 -0.000419295 0.039427
5760 28.745 58.9175 -0.00551778 0.0395316
5770 28.795 58.9178 -0.00237526 0.0393031
5780 28.845 58.9168 -0.00289589 0.0395142
5790 28.895 58.915 -0.00133983 0.0393611
5800 28.945 58.9135 0.000433863 0.039188
5810 28.995 58.9127 -4.98592e-05 0.0392282
5820 29.045 58.9132 0.00502798 0.0395831
5830 29.095 58.915 0.00268601 0.0392633
5840 29.145 58.9167 -0.000426978 0.0395599
5850 29.195 58.9176 -0.00113693 0.0394228
5860 29.245 58.9167 -0.0060012 0.0396037
5870 29.295 58.9154 0.000413624 0.0394799
5880 29.345 58.9135 0.00295749 0.0394553
5890 29.395 58.9125 0.0018526 0.0393118
5900 29.445 58.9127 0.00338124 0.0395067
5910 29.495 58.9141 0.00288811 0.0393977
5920 29.545 58.9159 -5.42599e-05 0.0392366
5930 29.595 58.9172 -0.00322676 0.0394882
5940 29.645 58.9176 -0.00226884 0.0392794
5950 29.695 58.9167 -0.000122895 0.0393372
5960 29.745 58.9149 2.64943e-05 0.0394426
5970 29.795 58.9134 0.00180842 0.0394309
5980 29.845 58.9126 0.00163682 0.0393038
5990 29.895 58.9133 0.00587613 0.0395285
6000 29.945 58.9149 0.000952972 0.0394321
