0 0 0 0.00392505 0.0844368
10 0.0190085 177.054 0.280453 0.113819
20 0.05 170.594 0.174932 0.101102
30 0.0883117 155.902 0.16188 0.0935534
40 0.131818 141.358 0.157184 0.0863975
50 0.177273 127.555 0.166046 0.0812097
60 0.222727 116.539 0.168439 0.0764691
70 0.268182 108.728 0.170472 0.0726316
80 0.313636 105.436 0.173585 0.0693186
90 0.359091 104.642 0.178453 0.0665779
100 0.404545 104.138 0.17466 0.0639459
110 0.45 103.713 0.178417 0.0619203
120 0.495455 103.389 0.184348 0.0601751
130 0.540909 103.125 0.182297 0.0584046
140 0.586364 102.899 0.186383 0.0574799
150 0.631818 102.704 0.190101 0.0563202
160 0.68 102.508 0.190873 0.0552876
170 0.73 102.414 0.193866 0.0540838
180 0.78 102.279 0.19695 0.0532464
190 0.83 102.071 0.195947 0.0522549
200 0.88 101.884 0.198379 0.0515755
210 0.93 101.743 0.19992 0.0508021
220 0.98 101.632 0.201142 0.0503473
230 1.03 101.537 0.204384 0.0497729
240 1.08 101.45 0.205534 0.0493526
250 1.13 101.373 0.206544 0.0489028
260 1.18 101.3 0.207843 0.0485715
270 1.23 101.233 0.208489 0.0481375
280 1.28 101.168 0.211213 0.0479095
290 1.33 101.108 0.210378 0.0473322
300 1.38 101.048 0.212391 0.0472711
310 1.43 100.992 0.213754 0.0470453
320 1.48 100.911 0.214603 0.0468598
330 1.53 100.858 0.215289 0.0467479
340 1.58 100.819 0.214969 0.0464067
350 1.63 100.789 0.216202 0.0462741
360 1.68 100.752 0.216809 0.046115
370 1.73 100.71 0.218991 0.0461881
380 1.78 100.666 0.219023 0.0460546
390 1.83 100.624 0.219579 0.0458754
400 1.88 100.581 0.220702 0.0457575
410 1.93 100.54 0.221434 0.0456906
420 1.98 100.499 0.223163 0.045712
430 2.03 100.459 0.223638 0.0456056
440 2.08 100.421 0.226072 0.0457551
450 2.13 100.383 0.227104 0.0457109
460 2.18 100.347 0.228942 0.0456694
470 2.23 100.31 0.229463 0.0456911
480 2.28 100.275 0.230275 0.0456202
490 2.33 100.238 0.230968 0.0455805
500 2.38 100.201 0.23022 0.0455033
510 2.43 100.161 0.230824 0.045509
520 2.48 100.122 0.229428 0.0453633
530 2.53 100.082 0.2295 0.0453485
540 2.58 100.039 0.22792 0.0452763
550 2.63 99.9966 0.228439 0.0451829
560 2.68 99.951 0.228807 0.0453364
570 2.73 99.9071 0.226479 0.0451782
580 2.78 99.8605 0.226047 0.045175
590 2.83 99.8142 0.224286 0.0450243
600 2.88 99.7648 0.223039 0.0448855
610 2.93 99.7153 0.221667 0.0448787
620 2.98 99.6656 0.21947 0.0448239
630 3.03 99.6136 0.218919 0.0449362
640 3.08 99.5623 0.217861 0.044818
650 3.13 99.509 0.216282 0.0447962
660 3.18 99.4554 0.215121 0.0446699
670 3.23 99.4006 0.213015 0.0447805
680 3.28 99.3461 0.21122 0.0446942
690 3.33 99.2899 0.209197 0.0446449
700 3.38 99.232 0.208404 0.0445941
710 3.43 99.1737 0.20634 0.0445774
720 3.48 99.1148 0.204094 0.0445933
730 3.53 99.0563 0.202199 0.0445262
740 3.58 98.9954 0.20033 0.0446236
750 3.63 98.9349 0.198541 0.044508
760 3.68 98.8729 0.196243 0.0444919
770 3.73 98.8116 0.193795 0.0445143
780 3.78 98.7489 0.19128 0.0444403
790 3.83 98.6855 0.19031 0.0445297
800 3.88 98.6213 0.187915 0.0444736
810 3.93 98.5571 0.185512 0.0444993
820 3.98 98.4939 0.183882 0.0445565
830 4.03 98.428 0.181475 0.044525
840 4.08 98.3633 0.179561 0.0445714
850 4.13 98.2979 0.176682 0.0445234
860 4.18 98.2319 0.175159 0.0445658
870 4.23 98.1643 0.173226 0.0446756
880 4.28 98.0979 0.169918 0.0446082
890 4.33 98.0297 0.167895 0.0446344
900 4.38 97.9608 0.165731 0.0447354
910 4.43 97.8938 0.162976 0.0446112
920 4.48 97.8242 0.161215 0.0447411
930 4.53 97.7555 0.158273 0.0446744
940 4.58 97.6843 0.1555 0.0446724
950 4.63 97.6145 0.152059 0.0447152
960 4.68 97.5425 0.150255 0.0447991
970 4.73 97.4701 0.148264 0.0449407
980 4.78 97.3986 0.145247 0.0448683
990 4.83 97.3265 0.142518 0.0449139
1000 4.88 97.2542 0.141381 0.0449171
1010 4.93 97.1821 0.137651 0.0449895
1020 4.98 97.1099 0.135167 0.045028
1030 5.03 97.0361 0.132685 0.0451168
1040 5.08 96.9611 0.128391 0.0451173
1050 5.13 96.8772 0.123959 0.0451279
1060 5.18 96.7901 0.122822 0.0451729
1070 5.23 96.7054 0.119116 0.0451427
1080 5.28 96.6197 0.117225 0.0451924
1090 5.33 96.5332 0.114544 0.0451761
1100 5.38 96.4482 0.113302 0.0453529
1110 5.43 96.3624 0.111162 0.0454262
1120 5.48 96.2765 0.108123 0.0454122
1130 5.53 96.1907 0.104702 0.0454123
1140 5.58 96.1019 0.100511 0.0454468
1150 5.63 96.0106 0.0967331 0.0454233
1160 5.68 95.9191 0.093157 0.0453946
1170 5.73 95.8284 0.0917787 0.0454984
1180 5.78 95.739 0.0903228 0.045485
1190 5.83 95.6532 0.0901122 0.0456701
1200 5.88 95.573 0.0898629 0.0458674
1210 5.93 95.4977 0.0888551 0.0457673
1220 5.98 95.4254 0.0857374 0.0459419
1230 6.03 95.3508 0.0808184 0.0459799
1240 6.08 95.2696 0.0743136 0.0459415
1250 6.13 95.1806 0.067593 0.045797
1260 6.18 95.088 0.06178 0.0458923
1270 6.23 94.9953 0.0586675 0.045933
1280 6.28 94.936 0.0590513 0.0459472
1290 6.33 94.8494 0.0634346 0.0464008
1300 6.38 94.7823 0.0689227 0.0468143
1310 6.43 94.7319 0.0741144 0.0470336
1320 6.48 94.6983 0.0758809 0.0473059
1330 6.53 94.6696 0.0725521 0.0476772
1340 6.58 94.6332 0.0626528 0.0476527
1350 6.63 94.5789 0.049939 0.047627
1360 6.68 94.505 0.0383197 0.0476667
1370 6.73 94.4188 0.0310831 0.0475865
1380 6.78 94.3335 0.0315717 0.0478598
1390 6.83 94.2679 0.0386103 0.0482715
1400 6.88 94.2344 0.0522727 0.04871
1410 6.93 94.2373 0.0644858 0.0492433
1420 6.98 94.2655 0.0737293 0.0498095
1430 7.03 94.3021 0.0685092 0.0499823
1440 7.08 94.3232 0.0569307 0.050017
1450 7.13 94.315 0.0387734 0.0494059
1460 7.18 94.2777 0.0243198 0.0490998
1470 7.23 94.2236 0.0219333 0.049197
1480 7.28 94.1749 0.0260067 0.0494272
1490 7.33 94.1546 0.0413052 0.0498332
1500 7.38 94.1726 0.0578088 0.0501319
1510 7.43 94.2273 0.0745925 0.0507231
1520 7.48 94.2969 0.0780575 0.0508157
1530 7.53 94.3542 0.0706778 0.0511485
1540 7.57857 94.3524 0.0459209 0.050605
1550 7.62273 94.2507 0.0304351 0.0500656
1560 7.66818 94.2436 0.0161302 0.0497214
1570 7.71364 94.2724 0.0140897 0.0495425
1580 7.75909 94.3215 0.0195656 0.0496902
1590 7.80455 94.3364 0.032073 0.0498788
1600 7.85 94.3748 0.0519192 0.0498765
1610 7.89545 94.4344 0.0598831 0.0501802
1620 7.94091 94.5141 0.0742768 0.0506189
1630 7.98636 94.6014 0.0741621 0.0503633
1640 8.03182 94.6793 0.0706341 0.0507776
1650 8.07727 94.735 0.0531823 0.049963
1660 8.12273 94.7602 0.0446426 0.0495631
1670 8.16818 94.7598 0.0326222 0.0492743
1680 8.21364 94.744 0.0289335 0.049143
1690 8.25909 94.7286 0.0313097 0.0490944
1700 8.30455 94.7264 0.0410874 0.0494248
1710 8.35 94.7432 0.0480003 0.0491184
1720 8.39545 94.779 0.0570111 0.0492797
1730 8.44091 94.8263 0.0588779 0.049089
1740 8.48636 94.876 0.0576396 0.0488606
1750 8.53182 94.9194 0.0553218 0.0491846
1760 8.57727 94.9521 0.046112 0.0485043
1770 8.62273 94.9737 0.0472638 0.0484257
1780 8.66818 94.99 0.0517259 0.0488575
1790 8.71364 95.0046 0.053954 0.0488676
1800 8.75909 95.0243 0.0565086 0.0485854
1810 8.80455 95.0484 0.0538409 0.0484648
1820 8.85 95.0746 0.0567832 0.0486508
1830 8.89545 95.0969 0.0517583 0.0483925
1840 8.94091 95.1112 0.0442106 0.0482735
1850 8.98636 95.1165 0.0386309 0.0482803
1860 9.035 95.1988 0.0429611 0.0487034
1870 9.07727 95.1641 0.0479169 0.0491175
1880 9.12273 95.126 0.0616535 0.0495144
1890 9.16818 95.1596 0.0748808 0.0499614
1900 9.21364 95.2596 0.0849075 0.0505185
1910 9.25909 95.3208 0.0791389 0.050262
1920 9.30455 95.3829 0.0697105 0.0499459
1930 9.35 95.4096 0.0459747 0.049526
1940 9.4 95.4862 0.0239925 0.0491253
1950 9.45 95.4762 0.0230387 0.0488183
1960 9.5 95.3901 0.0336996 0.0493926
1970 9.55 95.32 0.0599108 0.0503822
1980 9.6 95.3434 0.0919811 0.0513677
1990 9.65 95.4371 0.110302 0.0516917
2000 9.7 95.5614 0.11119 0.0519737
2010 9.75 95.6673 0.0971655 0.0517177
2020 9.8 95.7192 0.0599412 0.050869
2030 9.85 95.7001 0.0276131 0.0495869
2040 9.9 95.6353 0.0169607 0.0490201
2050 9.94571 95.4729 0.0270856 0.0491186
2060 9.99091 95.4252 0.0453196 0.0499834
2070 10.0364 95.5077 0.0709292 0.0502334
2080 10.0818 95.6625 0.0964804 0.0507733
2090 10.1273 95.8093 0.109411 0.0508956
2100 10.1727 95.9404 0.113057 0.0506766
2110 10.2182 96.0411 0.100212 0.0509338
2120 10.2636 96.094 0.0739852 0.0500384
2130 10.3091 96.096 0.048414 0.0491173
2140 10.3545 96.0692 0.039039 0.0487343
2150 10.4 96.0369 0.0436094 0.0487471
2160 10.4455 96.0146 0.054023 0.0491402
2170 10.4909 96.0222 0.0697721 0.049372
2180 10.5364 96.065 0.0885694 0.0496523
2190 10.5818 96.1313 0.0976532 0.0499095
2200 10.6273 96.2037 0.0972813 0.0495991
2210 10.6727 96.2609 0.0888294 0.0491275
2220 10.7182 96.2887 0.0706358 0.0484223
2230 10.7636 96.2862 0.0595599 0.0482429
2240 10.8091 96.2639 0.0561658 0.0482285
2250 10.8545 96.2437 0.0638009 0.0483657
2260 10.9 96.239 0.07771 0.0489099
2270 10.9455 96.2602 0.093544 0.0491748
2280 10.9909 96.3029 0.0991489 0.0493589
2290 11.0364 96.3525 0.0978322 0.0493607
2300 11.0818 96.3921 0.0856886 0.0489827
2310 11.1273 96.4042 0.0670189 0.048231
2320 11.1727 96.3866 0.0530569 0.0482057
2330 11.2182 96.3515 0.0510348 0.047731
2340 11.2636 96.3173 0.0627169 0.048443
2350 11.3091 96.3069 0.0780183 0.0490007
2360 11.3545 96.3307 0.0958546 0.0496153
2370 11.4 96.3883 0.117353 0.0500762
2380 11.4455 96.4581 0.118226 0.0502793
2390 11.4909 96.5186 0.104949 0.050183
2400 11.5364 96.5558 0.0831214 0.0494336
2410 11.5818 96.5489 0.0591206 0.0486876
2420 11.6273 96.498 0.0424942 0.0479876
2430 11.6727 96.4322 0.042743 0.0479225
2440 11.7182 96.3813 0.0554234 0.0485437
2450 11.7636 96.3655 0.075939 0.0489374
2460 11.8091 96.3949 0.103223 0.0497277
2470 11.8545 96.4568 0.120103 0.0501973
2480 11.9 96.529 0.127153 0.050347
2490 11.9455 96.5977 0.111871 0.0499705
2500 11.9909 96.6399 0.0914952 0.0493109
2510 12.0364 96.6439 0.0719354 0.0492639
2520 12.0818 96.6062 0.0530183 0.0478775
2530 12.1273 96.5448 0.0501596 0.0478582
2540 12.1727 96.4952 0.0614453 0.0484415
2550 12.2182 96.4754 0.0791738 0.0484527
2560 12.2636 96.4942 0.0999931 0.0492517
2570 12.3091 96.5361 0.113523 0.0494363
2580 12.3545 96.5902 0.115382 0.0494024
2590 12.4 96.6405 0.108614 0.0492
2600 12.4455 96.6716 0.0894409 0.0487013
2610 12.4909 96.6727 0.0725807 0.0480876
2620 12.5364 96.6425 0.0569807 0.0473084
2630 12.5818 96.5899 0.0607454 0.0477736
2640 12.6273 96.5438 0.0661912 0.0477254
2650 12.6727 96.5229 0.0826766 0.0483784
2660 12.7182 96.533 0.0946468 0.0484577
2670 12.7644 96.4671 0.10871 0.0490699
2680 12.8091 96.6035 0.11045 0.0487698
2690 12.8545 96.6331 0.100894 0.0484238
2700 12.9 96.6273 0.0848883 0.0481919
2710 12.9455 96.6267 0.072805 0.0478001
2720 12.9909 96.6104 0.0658786 0.0477074
2730 13.0364 96.5687 0.0701997 0.0477983
2740 13.0818 96.5372 0.0766958 0.047667
2750 13.1273 96.5289 0.0917573 0.048245
2760 13.1727 96.5442 0.101278 0.0486634
2770 13.2182 96.5708 0.105553 0.0487877
2780 13.2636 96.5979 0.0993225 0.0483808
2790 13.31 96.5782 0.0875532 0.0482477
2800 13.36 96.6382 0.0685419 0.04763
2810 13.41 96.6371 0.0613393 0.0475288
2820 13.46 96.528 0.0618594 0.0474912
2830 13.51 96.4164 0.0764309 0.0482464
2840 13.56 96.3753 0.0974916 0.0489902
2850 13.61 96.3942 0.112523 0.0493701
2860 13.66 96.4399 0.118528 0.0501939
2870 13.71 96.4824 0.109159 0.0503913
2880 13.76 96.5022 0.0841088 0.0507636
2890 13.81 96.4707 0.0635778 0.0525186
2900 13.86 96.4062 0.0503782 0.0495167
2910 13.91 96.3373 0.061824 0.052445
2920 13.96 96.2979 0.0806753 0.054094
2930 14.01 96.3031 0.0996518 0.0497675
2940 14.06 96.3438 0.117885 0.055475
2950 14.11 96.4112 0.116894 0.0534376
2960 14.16 96.4673 0.110439 0.0505224
2970 14.21 96.4935 0.0836848 0.0507897
2980 14.26 96.4691 0.0649594 0.0513179
2990 14.31 96.4101 0.0509378 0.0487358
3000 14.36 96.3432 0.0589637 0.0527591
3010 14.41 96.3007 0.0766885 0.0507544
3020 14.46 96.3013 0.0951149 0.0511228
3030 14.51 96.337 0.113623 0.0542433
3040 14.56 96.3971 0.12054 0.0534511
3050 14.61 96.4435 0.110742 0.0532979
3060 14.66 96.4651 0.0912094 0.0544752
3070 14.7045 96.3408 0.0710817 0.0483163
3080 14.75 96.2253 0.0613032 0.0484325
3090 14.7955 96.2554 0.0613453 0.0483517
3100 14.8409 96.326 0.0693682 0.0483489
3110 14.8864 96.3673 0.0833065 0.048689
3120 14.935 96.4369 0.102503 0.0491448
3130 14.985 96.5295 0.10901 0.049511
3140 15.035 96.5798 0.102296 0.0498207
3150 15.085 96.5178 0.0905597 0.0501845
3160 15.135 96.4569 0.0755621 0.0505004
3170 15.185 96.3888 0.0662343 0.0517675
3180 15.2322 96.2851 0.069399 0.0528614
3190 15.2773 96.1522 0.0752669 0.0511015
3200 15.3227 96.1808 0.0885542 0.0507166
3210 15.3682 96.2817 0.104533 0.0502428
3220 15.415 96.3605 0.108183 0.0503253
3230 15.465 96.5156 0.104855 0.0506267
3240 15.515 96.5861 0.0905287 0.0515949
3250 15.565 96.5135 0.0701117 0.0530412
3260 15.615 96.3953 0.0571741 0.0481311
3270 15.665 96.2928 0.0574715 0.0484691
3280 15.715 96.2276 0.0714421 0.0496072
3290 15.765 96.2156 0.0931724 0.0541121
3300 15.815 96.2459 0.112064 0.0512559
3310 15.865 96.3083 0.119632 0.0516241
3320 15.915 96.3688 0.114303 0.0541111
3330 15.965 96.3926 0.0966301 0.0556535
3340 16.015 96.3731 0.071267 0.0528257
3350 16.065 96.3141 0.0512283 0.0500159
3360 16.115 96.2488 0.0659002 0.0540709
3370 16.165 96.2066 0.0808865 0.0518147
3380 16.215 96.206 0.108602 0.0559249
3390 16.265 96.2564 0.128062 0.056322
3400 16.315 96.3293 0.133736 0.0563338
3410 16.365 96.3932 0.117823 0.0546874
3420 16.415 96.42 0.0909089 0.0519065
3430 16.465 96.3941 0.0617592 0.0491358
3440 16.515 96.3217 0.0519797 0.0522037
3450 16.565 96.2461 0.060433 0.0543993
3460 16.615 96.1922 0.0775918 0.0533162
3470 16.665 96.1889 0.102562 0.0515199
3480 16.715 96.2348 0.130921 0.0574768
3490 16.765 96.3175 0.139699 0.0570046
3500 16.815 96.3912 0.13426 0.0552553
3510 16.865 96.4368 0.111121 0.0562492
3520 16.9091 96.2583 0.0820429 0.0492741
3530 16.9545 96.2383 0.0631664 0.0506686
3540 17 96.2615 0.0600707 0.0530238
3550 17.0455 96.3058 0.070618 0.0533822
3560 17.0909 96.3092 0.0889864 0.0542625
3570 17.1364 96.3439 0.0942411 0.0493966
3580 17.185 96.4078 0.119644 0.055529
3590 17.235 96.5088 0.120758 0.053241
3600 17.285 96.5625 0.11589 0.0568198
3610 17.332 96.4357 0.0935362 0.0586833
3620 17.3773 96.3277 0.0747871 0.0542103
3630 17.4227 96.292 0.0643285 0.055182
3640 17.4682 96.3123 0.0603943 0.053105
3650 17.5136 96.3313 0.0720443 0.0566726
3660 17.5591 96.342 0.0843298 0.0545856
3670 17.6045 96.3694 0.0954943 0.0492835
3680 17.65 96.4016 0.106541 0.0574492
3690 17.7 96.4826 0.101618 0.0538937
3700 17.7455 96.5229 0.0917577 0.0494027
3710 17.7909 96.4244 0.0755062 0.0544448
3720 17.8364 96.3504 0.0613287 0.0531781
3730 17.8818 96.35 0.054573 0.0526682
3740 17.9273 96.3241 0.0632521 0.052833
3750 17.9727 96.3186 0.0760052 0.0486279
3760 18.0182 96.3277 0.0982814 0.0528012
3770 18.0636 96.364 0.109108 0.052453
3780 18.1091 96.4145 0.117335 0.0527839
3790 18.155 96.4425 0.100675 0.0527543
3800 18.205 96.5215 0.0825388 0.053137
3810 18.255 96.546 0.060972 0.0505716
3820 18.305 96.4414 0.0547336 0.0484721
3830 18.355 96.2978 0.0613108 0.0508205
3840 18.405 96.2232 0.0857333 0.0528743
3850 18.455 96.2154 0.104531 0.0547365
3860 18.505 96.2644 0.125168 0.0518819
3870 18.555 96.3362 0.121505 0.0524029
3880 18.605 96.3934 0.110421 0.0536955
3890 18.655 96.4055 0.0741642 0.0519931
3900 18.705 96.3618 0.0562171 0.0517576
3910 18.755 96.2803 0.0500377 0.0539979
3920 18.805 96.204 0.0602737 0.0540384
3930 18.855 96.1683 0.0812335 0.0524052
3940 18.905 96.1862 0.109785 0.052178
3950 18.955 96.2555 0.132063 0.0546772
3960 19.005 96.3489 0.133944 0.0559451
3970 19.055 96.4239 0.119651 0.056146
3980 19.105 96.4592 0.0895288 0.0543472
3990 19.155 96.4308 0.0630854 0.0541479
4000 19.205 96.3599 0.0443952 0.050419
4010 19.255 96.2852 0.0548792 0.0529185
4020 19.305 96.2396 0.07216 0.054097
4030 19.355 96.2391 0.0917022 0.0547981
4040 19.405 96.287 0.109821 0.0498164
4050 19.4545 96.3044 0.11749 0.0534286
4060 19.5 96.3246 0.10713 0.0527282
4070 19.5455 96.3369 0.095397 0.0511084
4080 19.5909 96.3834 0.0738734 0.0489653
4090 19.6364 96.4331 0.0568994 0.047997
4100 19.6818 96.4234 0.0547694 0.047699
4110 19.7273 96.4017 0.0596384 0.0475974
4120 19.7727 96.3888 0.0790433 0.0483746
4130 19.8182 96.4028 0.0930092 0.0486753
4140 19.8636 96.4406 0.105526 0.0492632
4150 19.9091 96.4924 0.109227 0.0494011
4160 19.9545 96.537 0.101599 0.0485669
4170 20 96.5595 0.0899691 0.0489615
4180 20.0455 96.5504 0.0742392 0.0482275
4190 20.0909 96.5159 0.063636 0.0479627
4200 20.1364 96.471 0.0624672 0.0475422
4210 20.1818 96.4366 0.0745787 0.0482744
4220 20.2273 96.4251 0.0912163 0.048669
4230 20.2727 96.443 0.101859 0.0489582
4240 20.3182 96.4794 0.106221 0.048831
4250 20.3636 96.5181 0.105468 0.0492567
4260 20.41 96.5055 0.0949579 0.0489545
4270 20.46 96.5788 0.0687685 0.0481509
4280 20.51 96.5791 0.0557471 0.0476216
4290 20.56 96.4551 0.0558562 0.0476407
4300 20.61 96.3333 0.0698486 0.0481933
4310 20.6545 96.1906 0.0825034 0.048356
4320 20.7 96.1229 0.107611 0.0493736
4330 20.7455 96.2582 0.119027 0.0497772
4340 20.795 96.4326 0.119379 0.05002
4350 20.845 96.5743 0.0961504 0.0497195
4360 20.895 96.5999 0.0679381 0.0485623
4370 20.945 96.4644 0.052524 0.047797
4380 20.995 96.3501 0.052965 0.0478263
4390 21.045 96.2718 0.0678917 0.0484412
4400 21.095 96.2464 0.0867362 0.0482272
4410 21.145 96.2753 0.108655 0.0481232
4420 21.195 96.341 0.120016 0.0470261
4430 21.245 96.4105 0.111092 0.0443243
4440 21.295 96.4493 0.0974866 0.0487554
4450 21.345 96.4406 0.0658781 0.0449741
4460 21.395 96.3885 0.0523051 0.0446534
4470 21.445 96.3162 0.0493376 0.0434516
4480 21.495 96.2591 0.066176 0.0482222
4490 21.545 96.2491 0.089611 0.04431
4500 21.595 96.2858 0.108465 0.045886
4510 21.645 96.3525 0.124825 0.0473224
4520 21.695 96.4219 0.116237 0.046631
4530 21.7433 96.3876 0.0947074 0.048107
4540 21.7864 96.2747 0.0793607 0.0486296
4550 21.8318 96.3204 0.0613432 0.0481172
4560 21.8773 96.3481 0.0570722 0.0480604
4570 21.9227 96.387 0.0606372 0.0477814
4580 21.9682 96.3836 0.0765878 0.0486532
4590 22.0136 96.4057 0.0960724 0.0493265
4600 22.06 96.4116 0.111485 0.0492626
4610 22.11 96.5434 0.113 0.049372
4620 22.16 96.6285 0.107013 0.0495984
4630 22.21 96.6148 0.0879763 0.0488236
4640 22.2545 96.4982 0.0712308 0.0481272
4650 22.3 96.3322 0.0613157 0.0476462
4660 22.3455 96.3135 0.0616685 0.0478888
4670 22.3909 96.3594 0.0683698 0.0478144
4680 22.4364 96.3784 0.0814448 0.0484932
4690 22.4818 96.4145 0.097853 0.0486165
4700 22.53 96.466 0.105753 0.0492082
4710 22.58 96.562 0.104331 0.0488697
4720 22.63 96.6057 0.0926384 0.0486838
4730 22.6792 96.4354 0.0781259 0.0482185
4740 22.7227 96.297 0.0658636 0.04773
4750 22.7682 96.2462 0.0616785 0.0476438
4760 22.8136 96.2607 0.0706569 0.0479533
4770 22.8591 96.3297 0.0830772 0.048365
4780 22.9045 96.3626 0.0985604 0.0487611
4790 22.95 96.4119 0.107246 0.0490917
4800 23 96.4961 0.107697 0.0492516
4810 23.05 96.5755 0.0949561 0.049141
4820 23.1 96.5555 0.0766651 0.0483056
4830 23.15 96.4298 0.0596409 0.047768
4840 23.2 96.325 0.0543629 0.0477915
4850 23.25 96.2479 0.0648354 0.0480859
4860 23.3 96.2168 0.0817645 0.0485605
4870 23.35 96.2343 0.108179 0.0493256
4880 23.4 96.2897 0.116082 0.0494423
4890 23.45 96.3539 0.115874 0.0491867
4900 23.5 96.3954 0.0979105 0.0483182
4910 23.55 96.3885 0.0645711 0.0470853
4920 23.6 96.3348 0.0486093 0.0458962
4930 23.65 96.2567 0.0438112 0.0452237
4940 23.7 96.1943 0.0563595 0.045617
4950 23.75 96.1745 0.0797815 0.0453758
4960 23.8 96.2084 0.107927 0.0446988
4970 23.85 96.2824 0.12082 0.0456001
4980 23.9 96.3677 0.123353 0.0464595
4990 23.95 96.4278 0.108493 0.0462416
5000 24 96.4388 0.0799857 0.0451216
5010 24.05 96.3939 0.0573225 0.043873
5020 24.1 96.3163 0.0508445 0.0433087
5030 24.15 96.2462 0.0566291 0.0468111
5040 24.2 96.2128 0.0808183 0.047065
5050 24.25 96.2282 0.105719 0.0481835
5060 24.3 96.2864 0.117196 0.0442856
5070 24.35 96.3609 0.119225 0.0461786
5080 24.4 96.42 0.108417 0.0487223
5090 24.4455 96.3556 0.0818614 0.0443376
5100 24.4909 96.3078 0.0644432 0.0434575
5110 24.5364 96.2962 0.0525974 0.0434206
5120 24.5818 96.3196 0.053537 0.0448832
5130 24.6273 96.3191 0.0656616 0.0451429
5140 24.6727 96.3315 0.0857705 0.0449812
5150 24.72 96.3532 0.101385 0.0458942
5160 24.7636 96.3684 0.110037 0.0485157
5170 24.8091 96.438 0.114847 0.0492189
5180 24.8545 96.4788 0.103372 0.048912
5190 24.9 96.5081 0.0858638 0.0483985
5200 24.9455 96.516 0.0723931 0.0480584
5210 24.9909 96.4878 0.0598201 0.0474134
5220 25.0364 96.4384 0.0605239 0.0476813
5230 25.0818 96.4005 0.0707525 0.0479171
5240 25.1273 96.3889 0.0877899 0.0485682
5250 25.1727 96.4074 0.102599 0.0489454
5260 25.2182 96.445 0.108766 0.0490275
5270 25.265 96.4588 0.103682 0.0496828
5280 25.315 96.5597 0.0852177 0.0481303
5290 25.3591 96.4844 0.0716731 0.0488307
5300 25.4045 96.3406 0.0595816 0.047537
5310 25.45 96.241 0.0599891 0.0477902
5320 25.4955 96.3053 0.0675507 0.0480796
5330 25.5409 96.32 0.0836294 0.0486217
5340 25.5864 96.3619 0.103634 0.0493003
5350 25.6318 96.4141 0.116632 0.0496549
5360 25.6773 96.4728 0.116912 0.0498994
5370 25.725 96.513 0.0993736 0.0497464
5380 25.775 96.5883 0.0739719 0.048532
5390 25.825 96.5833 0.0530921 0.0481491
5400 25.875 96.4241 0.0472233 0.0477042
5410 25.925 96.3018 0.0583211 0.0482605
5420 25.975 96.24 0.0791294 0.0489405
5430 26.025 96.2465 0.10589 0.0500147
5440 26.075 96.3042 0.12478 0.0505905
5450 26.125 96.3786 0.123245 0.0510366
5460 26.175 96.433 0.10504 0.050965
5470 26.225 96.44 0.0742191 0.0515673
5480 26.275 96.393 0.0511576 0.0537436
5490 26.325 96.3181 0.0452969 0.0518108
5500 26.375 96.2489 0.0553054 0.0528523
5510 26.425 96.2157 0.0777619 0.0543698
5520 26.475 96.2373 0.10182 0.0526481
5530 26.525 96.2986 0.118855 0.0541911
5540 26.575 96.3763 0.118263 0.0553408
5550 26.625 96.4387 0.102525 0.053687
5560 26.675 96.4559 0.0778401 0.0505814
5570 26.725 96.4259 0.0590828 0.0521369
5580 26.7682 96.2278 0.0547631 0.049128
5590 26.8136 96.1946 0.0604217 0.0493963
5600 26.8591 96.2269 0.0744056 0.0496326
5610 26.905 96.3149 0.0880177 0.0498039
5620 26.955 96.4406 0.107688 0.0511552
5630 27.005 96.5517 0.112095 0.053163
5640 27.05 96.5301 0.106034 0.0538392
5650 27.0955 96.363 0.0895086 0.0536787
5660 27.1409 96.4072 0.0704254 0.053971
5670 27.1864 96.4457 0.0567321 0.0500481
5680 27.2318 96.4323 0.0612415 0.0513189
5690 27.2773 96.4113 0.0648882 0.0510852
5700 27.3227 96.3972 0.0813898 0.0510185
5710 27.3682 96.4116 0.0991055 0.0503864
5720 27.4136 96.4503 0.110859 0.0503116
5730 27.46 96.4639 0.111635 0.0500323
5740 27.51 96.5794 0.100284 0.0502497
5750 27.5545 96.5555 0.084002 0.0492582
5760 27.6 96.4157 0.0699774 0.0483597
5770 27.6455 96.3504 0.0610303 0.0480574
5780 27.6909 96.3846 0.0627542 0.0480229
5790 27.7364 96.3842 0.0759502 0.0485011
5800 27.7818 96.3987 0.0921592 0.0491364
5810 27.8273 96.4309 0.106956 0.0491666
5820 27.8727 96.4766 0.114179 0.0494613
5830 27.92 96.5047 0.108326 0.0491395
5840 27.97 96.5968 0.0867608 0.0490486
5850 28.02 96.6149 0.0640052 0.0483006
5860 28.07 96.4828 0.0537978 0.0480239
5870 28.12 96.3513 0.0573559 0.0482174
5880 28.17 96.2712 0.0713815 0.0490415
5890 28.22 96.253 0.0985117 0.0506202
5900 28.27 96.2892 0.121179 0.0524685
5910 28.32 96.3555 0.127513 0.0553801
5920 28.37 96.4181 0.111689 0.0517322
5930 28.42 96.4487 0.0904712 0.0523818
5940 28.47 96.4228 0.0607057 0.0511866
5950 28.52 96.3539 0.04874 0.051544
5960 28.57 96.2749 0.0516388 0.0509295
5970 28.62 96.2244 0.0697899 0.0519527
5980 28.67 96.2208 0.0946367 0.0533574
5990 28.72 96.2663 0.116498 0.0545712
6000 28.77 96.344 0.12481 0.0538245
6010 28.82 96.4149 0.11406 0.0528538
6020 28.87 96.454 0.0900547 0.0512174
6030 28.92 96.4411 0.0652166 0.0518302
6040 28.97 96.3843 0.0516765 0.0523453
6050 29.02 96.3135 0.0531381 0.0509025
6060 29.07 96.2637 0.0703648 0.0520961
6070 29.12 96.2554 0.089339 0.0535806
6080 29.17 96.2915 0.106282 0.0533038
6090 29.22 96.3553 0.119329 0.0533587
6100 29.2636 96.2877 0.114314 0.048918
6110 29.3091 96.3008 0.0957888 0.0491394
6120 29.3545 96.3569 0.0752762 0.0486738
6130 29.4 96.4323 0.060131 0.0480408
6140 29.4455 96.4255 0.0573876 0.0476864
6150 29.4909 96.4096 0.0639784 0.0481753
6160 29.5364 96.3904 0.0728093 0.048257
6170 29.5818 96.3979 0.0952284 0.0489033
6180 29.6273 96.4339 0.108465 0.0491429
6190 29.675 96.4811 0.11388 0.0494348
6200 29.725 96.5882 0.103793 0.0489409
6210 29.7682 96.5102 0.0885498 0.0486541
6220 29.8136 96.4735 0.0724629 0.0483915
6230 29.8591 96.4184 0.0621791 0.0479611
6240 29.9045 96.4321 0.0644561 0.0477969
6250 29.95 96.4049 0.0722825 0.0482191
